<?xml version="1.0" encoding="UTF-8"?>
<robot generator="Robot 7.0.1 (Python 3.12.3 on win32)" generated="2024-06-19T22:20:17.483911" rpa="false" schemaversion="5">
<suite id="s1" name="Reserve Flight" source="C:\Iterasys\Módulo 3 - Automação nvl 2\BlazeDemoExercise\tests\simple\reserve_flight.robot">
<test id="s1-t1" name="Reservar um voo de Paris ate Londres" line="12">
<kw name="Dado que acesso o site blazedemo">
<kw name="Open Browser" owner="SeleniumLibrary">
<msg time="2024-06-19T22:20:18.082094" level="INFO">Opening browser 'Chrome' to base url 'https://www.blazedemo.com/'.</msg>
<arg>url=${url}</arg>
<arg>browser=${browser}</arg>
<doc>Opens a new browser instance to the optional ``url``.</doc>
<status status="PASS" start="2024-06-19T22:20:18.082094" elapsed="5.502035"/>
</kw>
<kw name="Set Browser Implicit Wait" owner="SeleniumLibrary">
<arg>10000ms</arg>
<doc>Sets the implicit wait value used by Selenium.</doc>
<status status="PASS" start="2024-06-19T22:20:23.584129" elapsed="0.000000"/>
</kw>
<kw name="Wait Until Element Is Visible" owner="SeleniumLibrary">
<arg>css=.container h1</arg>
<doc>Waits until the element ``locator`` is visible.</doc>
<status status="PASS" start="2024-06-19T22:20:23.584129" elapsed="0.125005"/>
</kw>
<status status="PASS" start="2024-06-19T22:20:18.082094" elapsed="5.627040"/>
</kw>
<kw name="Quando escolho o ponto de partida">
<kw name="Set Test Variable" owner="BuiltIn">
<msg time="2024-06-19T22:20:23.760495" level="INFO">${ponto_de_partida} = Paris</msg>
<arg>${ponto_de_partida}</arg>
<arg>${ponto_partida}</arg>
<doc>Makes a variable available everywhere within the scope of the current test.</doc>
<status status="PASS" start="2024-06-19T22:20:23.756013" elapsed="0.004482"/>
</kw>
<kw name="Select From List By Value" owner="SeleniumLibrary">
<msg time="2024-06-19T22:20:23.761496" level="INFO">Selecting options from selection list 'name=fromPort' by value Paris.</msg>
<arg>name=fromPort</arg>
<arg>${ponto_partida}</arg>
<doc>Selects options from selection list ``locator`` by ``values``.</doc>
<status status="PASS" start="2024-06-19T22:20:23.760495" elapsed="0.566885"/>
</kw>
<arg>Paris</arg>
<status status="PASS" start="2024-06-19T22:20:23.740388" elapsed="0.586992"/>
</kw>
<kw name="E Escolho o ponto de chegada">
<kw name="Set Test Variable" owner="BuiltIn">
<msg time="2024-06-19T22:20:24.327380" level="INFO">${ponto_de_chegada} = London</msg>
<arg>${ponto_de_chegada}</arg>
<arg>${ponto_chegada}</arg>
<doc>Makes a variable available everywhere within the scope of the current test.</doc>
<status status="PASS" start="2024-06-19T22:20:24.327380" elapsed="0.000000"/>
</kw>
<kw name="Select From List By Value" owner="SeleniumLibrary">
<msg time="2024-06-19T22:20:24.327380" level="INFO">Selecting options from selection list 'name=toPort' by value London.</msg>
<arg>name=toPort</arg>
<arg>${ponto_chegada}</arg>
<doc>Selects options from selection list ``locator`` by ``values``.</doc>
<status status="PASS" start="2024-06-19T22:20:24.327380" elapsed="0.184960"/>
</kw>
<arg>London</arg>
<status status="PASS" start="2024-06-19T22:20:24.327380" elapsed="0.184960"/>
</kw>
<kw name="E Clico em &quot;Find Flights&quot;">
<kw name="Click Element" owner="SeleniumLibrary">
<msg time="2024-06-19T22:20:24.512340" level="INFO">Clicking element 'css=input.btn.btn-primary'.</msg>
<arg>css=input.btn.btn-primary</arg>
<doc>Click the element identified by ``locator``.</doc>
<status status="PASS" start="2024-06-19T22:20:24.512340" elapsed="0.722963"/>
</kw>
<status status="PASS" start="2024-06-19T22:20:24.512340" elapsed="0.722963"/>
</kw>
<kw name="Entao sou direcionado para as opções de voo">
<kw name="Wait Until Element Is Visible" owner="SeleniumLibrary">
<arg>css=div.container h3</arg>
<doc>Waits until the element ``locator`` is visible.</doc>
<status status="PASS" start="2024-06-19T22:20:25.235303" elapsed="0.130237"/>
</kw>
<kw name="Element Text Should Be" owner="SeleniumLibrary">
<msg time="2024-06-19T22:20:25.366542" level="INFO">Verifying element 'css=div.container h3' contains exact text 'Flights from Paris to London:'.</msg>
<arg>css=div.container h3</arg>
<arg>Flights from ${ponto_de_partida} to ${ponto_de_chegada}:</arg>
<doc>Verifies that element ``locator`` contains exact the text ``expected``.</doc>
<status status="PASS" start="2024-06-19T22:20:25.366542" elapsed="0.033557"/>
</kw>
<kw name="Get Text" owner="SeleniumLibrary">
<msg time="2024-06-19T22:20:25.452671" level="INFO">${departs_header} = Departs: Paris</msg>
<var>${departs_header}</var>
<arg>xpath=//th[contains(text(), 'Departs: ${ponto_de_partida}')]</arg>
<doc>Returns the text value of the element identified by ``locator``.</doc>
<status status="PASS" start="2024-06-19T22:20:25.400099" elapsed="0.052572"/>
</kw>
<kw name="Should Be Equal As Strings" owner="BuiltIn">
<arg>${departs_header}</arg>
<arg>Departs: ${ponto_de_partida}</arg>
<doc>Fails if objects are unequal after converting them to strings.</doc>
<status status="PASS" start="2024-06-19T22:20:25.452671" elapsed="0.000000"/>
</kw>
<kw name="Get Text" owner="SeleniumLibrary">
<msg time="2024-06-19T22:20:25.480594" level="INFO">${arrives_header} = Arrives: London</msg>
<var>${arrives_header}</var>
<arg>xpath=//th[contains(text(), 'Arrives: ${ponto_de_chegada}')]</arg>
<doc>Returns the text value of the element identified by ``locator``.</doc>
<status status="PASS" start="2024-06-19T22:20:25.453671" elapsed="0.026923"/>
</kw>
<kw name="Should Be Equal As Strings" owner="BuiltIn">
<arg>${arrives_header}</arg>
<arg>Arrives: ${ponto_de_chegada}</arg>
<doc>Fails if objects are unequal after converting them to strings.</doc>
<status status="PASS" start="2024-06-19T22:20:25.480594" elapsed="0.000000"/>
</kw>
<status status="PASS" start="2024-06-19T22:20:25.235303" elapsed="0.245291"/>
</kw>
<kw name="Quando escolho o voo mais caro">
<kw name="Click Element" owner="SeleniumLibrary">
<msg time="2024-06-19T22:20:25.480594" level="INFO">Clicking element 'css=tbody &gt; tr:nth-of-type(4) input[type="submit"][value="Choose This Flight"]'.</msg>
<arg>css=tbody &gt; tr:nth-of-type(4) input[type="submit"][value="Choose This Flight"]</arg>
<doc>Click the element identified by ``locator``.</doc>
<status status="PASS" start="2024-06-19T22:20:25.480594" elapsed="0.568553"/>
</kw>
<status status="PASS" start="2024-06-19T22:20:25.480594" elapsed="0.584177"/>
</kw>
<kw name="Entao sou direcionado para a pagina de pagamento">
<kw name="Wait Until Element Is Visible" owner="SeleniumLibrary">
<arg>css=div.container h2</arg>
<arg>${timeout}</arg>
<doc>Waits until the element ``locator`` is visible.</doc>
<status status="PASS" start="2024-06-19T22:20:26.096021" elapsed="0.168244"/>
</kw>
<kw name="Element Text Should Be" owner="SeleniumLibrary">
<msg time="2024-06-19T22:20:26.265269" level="INFO">Verifying element 'css=div.container h2' contains exact text 'Your flight from TLV to SFO has been reserved.'.</msg>
<arg>css=div.container h2</arg>
<arg>Your flight from TLV to SFO has been reserved.</arg>
<doc>Verifies that element ``locator`` contains exact the text ``expected``.</doc>
<status status="PASS" start="2024-06-19T22:20:26.265269" elapsed="0.018911"/>
</kw>
<status status="PASS" start="2024-06-19T22:20:26.096021" elapsed="0.188159"/>
</kw>
<kw name="Quando preencho os campos name,address, city, state,zip code">
<kw name="Input Text" owner="SeleniumLibrary">
<msg time="2024-06-19T22:20:26.284180" level="INFO">Typing text 'Bruno' into text field 'id=inputName'.</msg>
<arg>id=inputName</arg>
<arg>${name}</arg>
<doc>Types the given ``text`` into the text field identified by ``locator``.</doc>
<status status="PASS" start="2024-06-19T22:20:26.284180" elapsed="0.313437"/>
</kw>
<kw name="Input Text" owner="SeleniumLibrary">
<msg time="2024-06-19T22:20:26.597617" level="INFO">Typing text 'Av Bruno' into text field 'name=address'.</msg>
<arg>name=address</arg>
<arg>${address}</arg>
<doc>Types the given ``text`` into the text field identified by ``locator``.</doc>
<status status="PASS" start="2024-06-19T22:20:26.597617" elapsed="0.203136"/>
</kw>
<kw name="Input Text" owner="SeleniumLibrary">
<msg time="2024-06-19T22:20:26.800753" level="INFO">Typing text 'SP' into text field 'name=city'.</msg>
<arg>name=city</arg>
<arg>${city}</arg>
<doc>Types the given ``text`` into the text field identified by ``locator``.</doc>
<status status="PASS" start="2024-06-19T22:20:26.800753" elapsed="0.516101"/>
</kw>
<kw name="Input Text" owner="SeleniumLibrary">
<msg time="2024-06-19T22:20:27.316854" level="INFO">Typing text 'Sao Paulo' into text field 'name=state'.</msg>
<arg>name=state</arg>
<arg>${state}</arg>
<doc>Types the given ``text`` into the text field identified by ``locator``.</doc>
<status status="PASS" start="2024-06-19T22:20:27.316854" elapsed="0.346383"/>
</kw>
<kw name="Input Text" owner="SeleniumLibrary">
<msg time="2024-06-19T22:20:27.663237" level="INFO">Typing text '551872' into text field 'id=zipCode'.</msg>
<arg>id=zipCode</arg>
<arg>${zipcode}</arg>
<doc>Types the given ``text`` into the text field identified by ``locator``.</doc>
<status status="PASS" start="2024-06-19T22:20:27.663237" elapsed="0.266508"/>
</kw>
<arg>Bruno</arg>
<arg>Av Bruno</arg>
<arg>SP</arg>
<arg>Sao Paulo</arg>
<arg>551872</arg>
<status status="PASS" start="2024-06-19T22:20:26.284180" elapsed="1.645565"/>
</kw>
<kw name="E preencho Card Type, Credit card number, Month, year e nome on card">
<kw name="Select From List By Value" owner="SeleniumLibrary">
<msg time="2024-06-19T22:20:27.929745" level="INFO">Selecting options from selection list 'name=cardType' by value visa.</msg>
<arg>name=cardType</arg>
<arg>${type_card}</arg>
<doc>Selects options from selection list ``locator`` by ``values``.</doc>
<status status="PASS" start="2024-06-19T22:20:27.929745" elapsed="0.155594"/>
</kw>
<kw name="Input Text" owner="SeleniumLibrary">
<msg time="2024-06-19T22:20:28.086343" level="INFO">Typing text '4202665232145518' into text field 'id=creditCardNumber'.</msg>
<arg>id=creditCardNumber</arg>
<arg>${card_number}</arg>
<doc>Types the given ``text`` into the text field identified by ``locator``.</doc>
<status status="PASS" start="2024-06-19T22:20:28.086343" elapsed="0.316172"/>
</kw>
<kw name="Input Text" owner="SeleniumLibrary">
<msg time="2024-06-19T22:20:28.409460" level="INFO">Typing text '06' into text field 'id=creditCardMonth'.</msg>
<arg>id=creditCardMonth</arg>
<arg>${month}</arg>
<doc>Types the given ``text`` into the text field identified by ``locator``.</doc>
<status status="PASS" start="2024-06-19T22:20:28.402515" elapsed="0.277990"/>
</kw>
<kw name="Input Text" owner="SeleniumLibrary">
<msg time="2024-06-19T22:20:28.680505" level="INFO">Typing text '2004' into text field 'id=creditCardYear'.</msg>
<arg>id=creditCardYear</arg>
<arg>${year}</arg>
<doc>Types the given ``text`` into the text field identified by ``locator``.</doc>
<status status="PASS" start="2024-06-19T22:20:28.680505" elapsed="0.337241"/>
</kw>
<kw name="Input Text" owner="SeleniumLibrary">
<msg time="2024-06-19T22:20:29.017746" level="INFO">Typing text 'Bruno Bispo' into text field 'id=nameOnCard'.</msg>
<arg>id=nameOnCard</arg>
<arg>${name_card}</arg>
<doc>Types the given ``text`` into the text field identified by ``locator``.</doc>
<status status="PASS" start="2024-06-19T22:20:29.017746" elapsed="0.364238"/>
</kw>
<arg>visa</arg>
<arg>4202665232145518</arg>
<arg>06</arg>
<arg>2004</arg>
<arg>Bruno Bispo</arg>
<status status="PASS" start="2024-06-19T22:20:27.929745" elapsed="1.452239"/>
</kw>
<kw name="E clico em purchase Flight">
<kw name="Click Element" owner="SeleniumLibrary">
<msg time="2024-06-19T22:20:29.381984" level="INFO">Clicking element 'css=.btn.btn-primary'.</msg>
<arg>css=.btn.btn-primary</arg>
<doc>Click the element identified by ``locator``.</doc>
<status status="PASS" start="2024-06-19T22:20:29.381984" elapsed="0.760824"/>
</kw>
<status status="PASS" start="2024-06-19T22:20:29.381984" elapsed="0.761826"/>
</kw>
<kw name="Entao sou levado a pagina de agradecimento">
<kw name="Element Text Should Be" owner="SeleniumLibrary">
<msg time="2024-06-19T22:20:30.155282" level="INFO">Verifying element 'css=.container.hero-unit h1' contains exact text 'Thank you for your purchase today!'.</msg>
<arg>css=.container.hero-unit h1</arg>
<arg>Thank you for your purchase today!</arg>
<doc>Verifies that element ``locator`` contains exact the text ``expected``.</doc>
<status status="PASS" start="2024-06-19T22:20:30.155282" elapsed="0.163585"/>
</kw>
<status status="PASS" start="2024-06-19T22:20:30.154284" elapsed="0.165586"/>
</kw>
<kw name="Close Browser" owner="SeleniumLibrary" type="TEARDOWN">
<doc>Closes the current browser.</doc>
<status status="PASS" start="2024-06-19T22:20:30.319870" elapsed="4.031578"/>
</kw>
<status status="PASS" start="2024-06-19T22:20:18.082094" elapsed="16.269354"/>
</test>
<status status="PASS" start="2024-06-19T22:20:17.483911" elapsed="16.867537"/>
</suite>
<statistics>
<total>
<stat pass="1" fail="0" skip="0">All Tests</stat>
</total>
<tag>
</tag>
<suite>
<stat pass="1" fail="0" skip="0" id="s1" name="Reserve Flight">Reserve Flight</stat>
</suite>
</statistics>
<errors>
</errors>
</robot>
